c:\users\ywang\downloads\genvisupload\genvisupload\x64\debug\vc140.pdb
c:\users\ywang\downloads\genvisupload\genvisupload\x64\debug\vc140.idb
c:\users\ywang\downloads\genvisupload\genvisupload\x64\debug\genvisupload.obj
c:\users\ywang\downloads\genvisupload\genvisupload\x64\debug\sqlitedbwrapper.obj
c:\users\ywang\downloads\genvisupload\genvisupload\x64\debug\sqliteimagefetcher.obj
c:\users\ywang\downloads\genvisupload\genvisupload\x64\debug\stubimageuploader.obj
d:\github\genvisupload\genvisupload\x64\debug\vc140.pdb
d:\github\genvisupload\genvisupload\x64\debug\vc140.idb
d:\github\genvisupload\genvisupload\x64\debug\genvisupload.obj
c:\users\ywang\downloads\genvisupload\genvisupload\x64\debug\vcpkg.applocal.log
c:\users\ywang\downloads\genvisupload\x64\debug\sqlite3.dll
d:\github\genvisupload\genvisupload\x64\debug\vcpkg.applocal.log
d:\github\genvisupload\x64\debug\sqlite3.dll
c:\users\ywang\downloads\genvisupload\x64\debug\genvisupload.ilk
c:\users\ywang\downloads\genvisupload\x64\debug\genvisupload.exe
c:\users\ywang\downloads\genvisupload\x64\debug\genvisupload.pdb
d:\github\genvisupload\x64\debug\genvisupload.ilk
d:\github\genvisupload\x64\debug\genvisupload.exe
d:\github\genvisupload\x64\debug\genvisupload.pdb
d:\github\genvisupload\genvisupload\x64\debug\genvisupload.vcxprojresolveassemblyreference.cache
d:\github\genvisupload\genvisupload\x64\debug\sqlitedbwrapper.obj
d:\github\genvisupload\genvisupload\x64\debug\sqliteimagefetcher.obj
d:\github\genvisupload\genvisupload\x64\debug\stubimageuploader.obj
d:\github\genvisupload\genvisupload\x64\debug\genvisupload.tlog\cl.command.1.tlog
d:\github\genvisupload\genvisupload\x64\debug\genvisupload.tlog\cl.read.1.tlog
d:\github\genvisupload\genvisupload\x64\debug\genvisupload.tlog\cl.write.1.tlog
d:\github\genvisupload\genvisupload\x64\debug\genvisupload.tlog\genvisupload.write.1u.tlog
d:\github\genvisupload\genvisupload\x64\debug\genvisupload.tlog\link.command.1.tlog
d:\github\genvisupload\genvisupload\x64\debug\genvisupload.tlog\link.read.1.tlog
d:\github\genvisupload\genvisupload\x64\debug\genvisupload.tlog\link.write.1.tlog
